[21-Sep-2012 15:51:53 UTC] PHP Fatal error:  require(): Cannot redeclare class md\debatebundle\controller\debatecontroller in /home/cleinoff/code/debate/webroot/Symfony/vendor/symfony/symfony/src/Symfony/Component/ClassLoader/DebugClassLoader.php on line 82
[21-Sep-2012 15:51:54 UTC] PHP Fatal error:  require(): Cannot redeclare class md\debatebundle\controller\debatecontroller in /home/cleinoff/code/debate/webroot/Symfony/vendor/symfony/symfony/src/Symfony/Component/ClassLoader/DebugClassLoader.php on line 82
[21-Sep-2012 15:52:31 UTC] PHP Fatal error:  require(): Cannot redeclare class md\debatebundle\controller\debatecontroller in /home/cleinoff/code/debate/webroot/Symfony/vendor/symfony/symfony/src/Symfony/Component/ClassLoader/DebugClassLoader.php on line 82
[21-Sep-2012 15:52:32 UTC] PHP Fatal error:  require(): Cannot redeclare class md\debatebundle\controller\debatecontroller in /home/cleinoff/code/debate/webroot/Symfony/vendor/symfony/symfony/src/Symfony/Component/ClassLoader/DebugClassLoader.php on line 82
[21-Sep-2012 15:52:57 UTC] PHP Fatal error:  require(): Cannot redeclare class md\debatebundle\controller\debatecontroller in /home/cleinoff/code/debate/webroot/Symfony/vendor/symfony/symfony/src/Symfony/Component/ClassLoader/DebugClassLoader.php on line 82
[21-Sep-2012 15:52:58 UTC] PHP Fatal error:  require(): Cannot redeclare class md\debatebundle\controller\debatecontroller in /home/cleinoff/code/debate/webroot/Symfony/vendor/symfony/symfony/src/Symfony/Component/ClassLoader/DebugClassLoader.php on line 82
[21-Sep-2012 15:53:03 UTC] PHP Fatal error:  require(): Cannot redeclare class md\debatebundle\controller\debatecontroller in /home/cleinoff/code/debate/webroot/Symfony/vendor/symfony/symfony/src/Symfony/Component/ClassLoader/DebugClassLoader.php on line 82
[21-Sep-2012 15:53:04 UTC] PHP Fatal error:  require(): Cannot redeclare class md\debatebundle\controller\debatecontroller in /home/cleinoff/code/debate/webroot/Symfony/vendor/symfony/symfony/src/Symfony/Component/ClassLoader/DebugClassLoader.php on line 82
[21-Sep-2012 15:53:11 UTC] PHP Fatal error:  require(): Cannot redeclare class md\debatebundle\controller\debatecontroller in /home/cleinoff/code/debate/webroot/Symfony/vendor/symfony/symfony/src/Symfony/Component/ClassLoader/DebugClassLoader.php on line 82
[21-Sep-2012 15:53:52 UTC] PHP Fatal error:  require(): Cannot redeclare class md\debatebundle\controller\debatecontroller in /home/cleinoff/code/debate/webroot/Symfony/vendor/symfony/symfony/src/Symfony/Component/ClassLoader/DebugClassLoader.php on line 82
[21-Sep-2012 15:53:52 UTC] PHP Fatal error:  require(): Cannot redeclare class md\debatebundle\controller\debatecontroller in /home/cleinoff/code/debate/webroot/Symfony/vendor/symfony/symfony/src/Symfony/Component/ClassLoader/DebugClassLoader.php on line 82
[21-Sep-2012 15:56:54 UTC] PHP Fatal error:  require(): Cannot redeclare class md\debatebundle\controller\debatecontroller in /home/cleinoff/code/debate/webroot/Symfony/vendor/symfony/symfony/src/Symfony/Component/ClassLoader/DebugClassLoader.php on line 82
[21-Sep-2012 17:19:09 UTC] PHP Fatal error:  Call to undefined method MD\DebateBundle\Controller\DebateController::render() in /home/cleinoff/code/debate/webroot/Symfony/src/MD/DebateBundle/Controller/DebateController.php on line 11
[21-Sep-2012 17:20:01 UTC] PHP Fatal error:  Call to undefined method MD\DebateBundle\Controller\DebateController::render() in /home/cleinoff/code/debate/webroot/Symfony/src/MD/DebateBundle/Controller/DebateController.php on line 11
[21-Sep-2012 17:20:02 UTC] PHP Fatal error:  Call to undefined method MD\DebateBundle\Controller\DebateController::render() in /home/cleinoff/code/debate/webroot/Symfony/src/MD/DebateBundle/Controller/DebateController.php on line 11
[21-Sep-2012 17:27:08 UTC] PHP Fatal error:  Call to undefined method MD\DebateBundle\Controller\DebateController::render() in /home/cleinoff/code/debate/webroot/Symfony/src/MD/DebateBundle/Controller/DebateController.php on line 11
[21-Sep-2012 17:27:20 UTC] PHP Fatal error:  Call to undefined method MD\DebateBundle\Controller\DebateController::render() in /home/cleinoff/code/debate/webroot/Symfony/src/MD/DebateBundle/Controller/DebateController.php on line 11
[23-Oct-2012 01:54:17 UTC] PHP Fatal error:  Cannot redeclare class SessionHandlerInterface in /home/cleinoff/code/debate/webroot/Symfony/app/cache/dev/classes.php on line 532
[23-Oct-2012 02:33:12 UTC] PHP Fatal error:  Cannot redeclare class SessionHandlerInterface in /home/cleinoff/code/debate/webroot/Symfony/app/cache/prod/classes.php on line 532
[23-Oct-2012 02:33:17 UTC] PHP Fatal error:  Cannot redeclare class SessionHandlerInterface in /home/cleinoff/code/debate/webroot/Symfony/app/cache/dev/classes.php on line 532
[23-Oct-2012 02:38:02 UTC] PHP Fatal error:  Cannot redeclare class SessionHandlerInterface in /home/cleinoff/code/debate/webroot/Symfony/app/cache/prod/classes.php on line 532
[23-Oct-2012 03:24:07 UTC] PHP Fatal error:  Call to a member function setName() on a non-object in /home/cleinoff/code/debate/webroot/Symfony/src/MD/DebateBundle/Controller/DebateController.php on line 20
[23-Oct-2012 03:24:53 UTC] PHP Fatal error:  Call to undefined method MD\DebateBundle\Entity\Debate::setDueDate() in /home/cleinoff/code/debate/webroot/Symfony/src/MD/DebateBundle/Controller/DebateController.php on line 21
[23-Oct-2012 22:20:45 UTC] PHP Fatal error:  Class 'MD\DebateBundle\Entity\DateTime' not found in /home/cleinoff/code/debate/webroot/Symfony/src/MD/DebateBundle/Entity/Debate.php on line 54
[23-Oct-2012 22:26:45 UTC] PHP Parse error:  syntax error, unexpected '->' (T_OBJECT_OPERATOR) in /home/cleinoff/code/debate/webroot/Symfony/src/MD/DebateBundle/Controller/DebateController.php on line 26
[23-Oct-2012 22:26:45 UTC] PHP Parse error:  syntax error, unexpected '->' (T_OBJECT_OPERATOR) in /home/cleinoff/code/debate/webroot/Symfony/src/MD/DebateBundle/Controller/DebateController.php on line 26
[23-Oct-2012 22:26:46 UTC] PHP Parse error:  syntax error, unexpected '->' (T_OBJECT_OPERATOR) in /home/cleinoff/code/debate/webroot/Symfony/src/MD/DebateBundle/Controller/DebateController.php on line 26
[23-Oct-2012 22:26:59 UTC] PHP Parse error:  syntax error, unexpected '->' (T_OBJECT_OPERATOR) in /home/cleinoff/code/debate/webroot/Symfony/src/MD/DebateBundle/Controller/DebateController.php on line 26
[23-Oct-2012 22:27:06 UTC] PHP Parse error:  syntax error, unexpected ',' in /home/cleinoff/code/debate/webroot/Symfony/src/MD/DebateBundle/Controller/DebateController.php on line 25
[23-Oct-2012 22:27:07 UTC] PHP Parse error:  syntax error, unexpected ',' in /home/cleinoff/code/debate/webroot/Symfony/src/MD/DebateBundle/Controller/DebateController.php on line 25
[23-Oct-2012 22:42:40 UTC] PHP Fatal error:  Class 'MD\DebateBundle\Controller\Contention' not found in /home/cleinoff/code/debate/webroot/Symfony/src/MD/DebateBundle/Controller/DebateController.php on line 57
[23-Oct-2012 22:42:59 UTC] PHP Fatal error:  Class 'MD\DebateBundle\Controller\Contention' not found in /home/cleinoff/code/debate/webroot/Symfony/src/MD/DebateBundle/Controller/DebateController.php on line 57
[23-Oct-2012 22:43:00 UTC] PHP Fatal error:  Class 'MD\DebateBundle\Controller\Contention' not found in /home/cleinoff/code/debate/webroot/Symfony/src/MD/DebateBundle/Controller/DebateController.php on line 57
[25-Oct-2012 03:35:44 UTC] PHP Warning:  require_once(/home/cleinoff/code/debate/webroot/Symfony/app/autoload.php): failed to open stream: No such file or directory in /home/cleinoff/code/debate/webroot/Symfony/app/bootstrap.php.cache on line 3
[25-Oct-2012 03:35:44 UTC] PHP Fatal error:  require_once(): Failed opening required '/home/cleinoff/code/debate/webroot/Symfony/app/autoload.php' (include_path='.:/usr/share/php:/usr/share/pear') in /home/cleinoff/code/debate/webroot/Symfony/app/bootstrap.php.cache on line 3
[25-Oct-2012 03:35:48 UTC] PHP Warning:  require_once(/home/cleinoff/code/debate/webroot/Symfony/web/../app/bootstrap.php.cache): failed to open stream: No such file or directory in /home/cleinoff/code/debate/webroot/Symfony/web/app_dev.php on line 23
[25-Oct-2012 03:35:48 UTC] PHP Fatal error:  require_once(): Failed opening required '/home/cleinoff/code/debate/webroot/Symfony/web/../app/bootstrap.php.cache' (include_path='.:/usr/share/php:/usr/share/pear') in /home/cleinoff/code/debate/webroot/Symfony/web/app_dev.php on line 23
[25-Oct-2012 03:35:51 UTC] PHP Warning:  require_once(/home/cleinoff/code/debate/webroot/Symfony/web/../app/bootstrap.php.cache): failed to open stream: No such file or directory in /home/cleinoff/code/debate/webroot/Symfony/web/app_dev.php on line 23
[25-Oct-2012 03:35:51 UTC] PHP Fatal error:  require_once(): Failed opening required '/home/cleinoff/code/debate/webroot/Symfony/web/../app/bootstrap.php.cache' (include_path='.:/usr/share/php:/usr/share/pear') in /home/cleinoff/code/debate/webroot/Symfony/web/app_dev.php on line 23
[25-Oct-2012 03:35:55 UTC] PHP Warning:  require_once(/home/cleinoff/code/debate/webroot/Symfony/web/../app/bootstrap.php.cache): failed to open stream: No such file or directory in /home/cleinoff/code/debate/webroot/Symfony/web/app_dev.php on line 23
[25-Oct-2012 03:35:55 UTC] PHP Fatal error:  require_once(): Failed opening required '/home/cleinoff/code/debate/webroot/Symfony/web/../app/bootstrap.php.cache' (include_path='.:/usr/share/php:/usr/share/pear') in /home/cleinoff/code/debate/webroot/Symfony/web/app_dev.php on line 23
[25-Oct-2012 03:36:09 UTC] PHP Warning:  require_once(/home/cleinoff/code/debate/webroot/Symfony/web/../app/bootstrap.php.cache): failed to open stream: No such file or directory in /home/cleinoff/code/debate/webroot/Symfony/web/app_dev.php on line 23
[25-Oct-2012 03:36:09 UTC] PHP Fatal error:  require_once(): Failed opening required '/home/cleinoff/code/debate/webroot/Symfony/web/../app/bootstrap.php.cache' (include_path='.:/usr/share/php:/usr/share/pear') in /home/cleinoff/code/debate/webroot/Symfony/web/app_dev.php on line 23
[25-Oct-2012 03:36:10 UTC] PHP Warning:  require_once(/home/cleinoff/code/debate/webroot/Symfony/web/../app/bootstrap.php.cache): failed to open stream: No such file or directory in /home/cleinoff/code/debate/webroot/Symfony/web/app_dev.php on line 23
[25-Oct-2012 03:36:10 UTC] PHP Fatal error:  require_once(): Failed opening required '/home/cleinoff/code/debate/webroot/Symfony/web/../app/bootstrap.php.cache' (include_path='.:/usr/share/php:/usr/share/pear') in /home/cleinoff/code/debate/webroot/Symfony/web/app_dev.php on line 23
[25-Oct-2012 03:36:20 UTC] PHP Warning:  require_once(/home/cleinoff/code/debate/webroot/Symfony/web/../app/bootstrap.php.cache): failed to open stream: No such file or directory in /home/cleinoff/code/debate/webroot/Symfony/web/app_dev.php on line 23
[25-Oct-2012 03:36:20 UTC] PHP Fatal error:  require_once(): Failed opening required '/home/cleinoff/code/debate/webroot/Symfony/web/../app/bootstrap.php.cache' (include_path='.:/usr/share/php:/usr/share/pear') in /home/cleinoff/code/debate/webroot/Symfony/web/app_dev.php on line 23
[25-Oct-2012 03:36:20 UTC] PHP Warning:  require_once(/home/cleinoff/code/debate/webroot/Symfony/web/../app/bootstrap.php.cache): failed to open stream: No such file or directory in /home/cleinoff/code/debate/webroot/Symfony/web/app_dev.php on line 23
[25-Oct-2012 03:36:20 UTC] PHP Fatal error:  require_once(): Failed opening required '/home/cleinoff/code/debate/webroot/Symfony/web/../app/bootstrap.php.cache' (include_path='.:/usr/share/php:/usr/share/pear') in /home/cleinoff/code/debate/webroot/Symfony/web/app_dev.php on line 23
[25-Oct-2012 03:36:37 UTC] PHP Warning:  require_once(/home/cleinoff/code/debate/webroot/Symfony/web/../app/bootstrap.php.cache): failed to open stream: No such file or directory in /home/cleinoff/code/debate/webroot/Symfony/web/app_dev.php on line 23
[25-Oct-2012 03:36:37 UTC] PHP Fatal error:  require_once(): Failed opening required '/home/cleinoff/code/debate/webroot/Symfony/web/../app/bootstrap.php.cache' (include_path='.:/usr/share/php:/usr/share/pear') in /home/cleinoff/code/debate/webroot/Symfony/web/app_dev.php on line 23
[25-Oct-2012 03:46:33 UTC] PHP Warning:  require_once(/home/cleinoff/code/debate/webroot/Symfony/web/../app/bootstrap.php.cache): failed to open stream: No such file or directory in /home/cleinoff/code/debate/webroot/Symfony/web/app_dev.php on line 23
[25-Oct-2012 03:46:33 UTC] PHP Fatal error:  require_once(): Failed opening required '/home/cleinoff/code/debate/webroot/Symfony/web/../app/bootstrap.php.cache' (include_path='.:/usr/share/php:/usr/share/pear') in /home/cleinoff/code/debate/webroot/Symfony/web/app_dev.php on line 23
[25-Oct-2012 03:46:46 UTC] PHP Warning:  require_once(/home/cleinoff/code/debate/webroot/Symfony/web/../app/bootstrap.php.cache): failed to open stream: No such file or directory in /home/cleinoff/code/debate/webroot/Symfony/web/app_dev.php on line 23
[25-Oct-2012 03:46:46 UTC] PHP Fatal error:  require_once(): Failed opening required '/home/cleinoff/code/debate/webroot/Symfony/web/../app/bootstrap.php.cache' (include_path='.:/usr/share/php:/usr/share/pear') in /home/cleinoff/code/debate/webroot/Symfony/web/app_dev.php on line 23
[25-Oct-2012 03:46:47 UTC] PHP Warning:  require_once(/home/cleinoff/code/debate/webroot/Symfony/web/../app/bootstrap.php.cache): failed to open stream: No such file or directory in /home/cleinoff/code/debate/webroot/Symfony/web/app_dev.php on line 23
[25-Oct-2012 03:46:47 UTC] PHP Fatal error:  require_once(): Failed opening required '/home/cleinoff/code/debate/webroot/Symfony/web/../app/bootstrap.php.cache' (include_path='.:/usr/share/php:/usr/share/pear') in /home/cleinoff/code/debate/webroot/Symfony/web/app_dev.php on line 23
[25-Oct-2012 03:47:18 UTC] PHP Warning:  require_once(/home/cleinoff/code/debate/webroot/Symfony/app/autoload.php): failed to open stream: No such file or directory in /home/cleinoff/code/debate/webroot/Symfony/app/bootstrap.php.cache on line 3
[25-Oct-2012 03:47:18 UTC] PHP Fatal error:  require_once(): Failed opening required '/home/cleinoff/code/debate/webroot/Symfony/app/autoload.php' (include_path='.:/usr/share/php:/usr/share/pear') in /home/cleinoff/code/debate/webroot/Symfony/app/bootstrap.php.cache on line 3
[25-Oct-2012 03:51:21 UTC] PHP Warning:  require_once(/home/cleinoff/code/debate/webroot/Symfony/app/autoload.php): failed to open stream: No such file or directory in /home/cleinoff/code/debate/webroot/Symfony/app/bootstrap.php.cache on line 3
[25-Oct-2012 03:51:21 UTC] PHP Fatal error:  require_once(): Failed opening required '/home/cleinoff/code/debate/webroot/Symfony/app/autoload.php' (include_path='.:/usr/share/php:/usr/share/pear') in /home/cleinoff/code/debate/webroot/Symfony/app/bootstrap.php.cache on line 3
[25-Oct-2012 03:51:22 UTC] PHP Warning:  require_once(/home/cleinoff/code/debate/webroot/Symfony/app/autoload.php): failed to open stream: No such file or directory in /home/cleinoff/code/debate/webroot/Symfony/app/bootstrap.php.cache on line 3
[25-Oct-2012 03:51:22 UTC] PHP Fatal error:  require_once(): Failed opening required '/home/cleinoff/code/debate/webroot/Symfony/app/autoload.php' (include_path='.:/usr/share/php:/usr/share/pear') in /home/cleinoff/code/debate/webroot/Symfony/app/bootstrap.php.cache on line 3
[25-Oct-2012 03:55:14 UTC] PHP Warning:  require_once(/home/cleinoff/code/debate/webroot/Symfony/app/autoload.php): failed to open stream: No such file or directory in /home/cleinoff/code/debate/webroot/Symfony/app/bootstrap.php.cache on line 3
[25-Oct-2012 03:55:14 UTC] PHP Fatal error:  require_once(): Failed opening required '/home/cleinoff/code/debate/webroot/Symfony/app/autoload.php' (include_path='.:/usr/share/php:/usr/share/pear') in /home/cleinoff/code/debate/webroot/Symfony/app/bootstrap.php.cache on line 3
[25-Oct-2012 03:57:07 UTC] PHP Warning:  require_once(/home/cleinoff/code/debate/webroot/Symfony/web/../app/bootstrap.php.cache): failed to open stream: No such file or directory in /home/cleinoff/code/debate/webroot/Symfony/web/app_dev.php on line 23
[25-Oct-2012 03:57:07 UTC] PHP Fatal error:  require_once(): Failed opening required '/home/cleinoff/code/debate/webroot/Symfony/web/../app/bootstrap.php.cache' (include_path='.:/usr/share/php:/usr/share/pear') in /home/cleinoff/code/debate/webroot/Symfony/web/app_dev.php on line 23
[25-Oct-2012 03:57:19 UTC] PHP Warning:  require_once(/home/cleinoff/code/debate/webroot/Symfony/web/../app/bootstrap.php.cache): failed to open stream: No such file or directory in /home/cleinoff/code/debate/webroot/Symfony/web/app_dev.php on line 23
[25-Oct-2012 03:57:19 UTC] PHP Fatal error:  require_once(): Failed opening required '/home/cleinoff/code/debate/webroot/Symfony/web/../app/bootstrap.php.cache' (include_path='.:/usr/share/php:/usr/share/pear') in /home/cleinoff/code/debate/webroot/Symfony/web/app_dev.php on line 23
[25-Oct-2012 04:00:28 UTC] PHP Warning:  require_once(/home/cleinoff/code/debate/webroot/Symfony/app/autoload.php): failed to open stream: No such file or directory in /home/cleinoff/code/debate/webroot/Symfony/app/bootstrap.php.cache on line 3
[25-Oct-2012 04:00:28 UTC] PHP Fatal error:  require_once(): Failed opening required '/home/cleinoff/code/debate/webroot/Symfony/app/autoload.php' (include_path='.:/usr/share/php:/usr/share/pear') in /home/cleinoff/code/debate/webroot/Symfony/app/bootstrap.php.cache on line 3
[25-Oct-2012 04:03:31 UTC] PHP Warning:  require_once(/home/cleinoff/code/debate/webroot/Symfony/app/autoload.php): failed to open stream: No such file or directory in /home/cleinoff/code/debate/webroot/Symfony/app/bootstrap.php.cache on line 3
[25-Oct-2012 04:03:31 UTC] PHP Fatal error:  require_once(): Failed opening required '/home/cleinoff/code/debate/webroot/Symfony/app/autoload.php' (include_path='.:/usr/share/php:/usr/share/pear') in /home/cleinoff/code/debate/webroot/Symfony/app/bootstrap.php.cache on line 3
[25-Oct-2012 04:03:32 UTC] PHP Warning:  require_once(/home/cleinoff/code/debate/webroot/Symfony/app/autoload.php): failed to open stream: No such file or directory in /home/cleinoff/code/debate/webroot/Symfony/app/bootstrap.php.cache on line 3
[25-Oct-2012 04:03:32 UTC] PHP Fatal error:  require_once(): Failed opening required '/home/cleinoff/code/debate/webroot/Symfony/app/autoload.php' (include_path='.:/usr/share/php:/usr/share/pear') in /home/cleinoff/code/debate/webroot/Symfony/app/bootstrap.php.cache on line 3
[25-Oct-2012 04:03:35 UTC] PHP Warning:  require_once(/home/cleinoff/code/debate/webroot/Symfony/app/autoload.php): failed to open stream: No such file or directory in /home/cleinoff/code/debate/webroot/Symfony/app/bootstrap.php.cache on line 3
[25-Oct-2012 04:03:35 UTC] PHP Fatal error:  require_once(): Failed opening required '/home/cleinoff/code/debate/webroot/Symfony/app/autoload.php' (include_path='.:/usr/share/php:/usr/share/pear') in /home/cleinoff/code/debate/webroot/Symfony/app/bootstrap.php.cache on line 3
[25-Oct-2012 04:03:37 UTC] PHP Warning:  require_once(/home/cleinoff/code/debate/webroot/Symfony/app/autoload.php): failed to open stream: No such file or directory in /home/cleinoff/code/debate/webroot/Symfony/app/bootstrap.php.cache on line 3
[25-Oct-2012 04:03:37 UTC] PHP Fatal error:  require_once(): Failed opening required '/home/cleinoff/code/debate/webroot/Symfony/app/autoload.php' (include_path='.:/usr/share/php:/usr/share/pear') in /home/cleinoff/code/debate/webroot/Symfony/app/bootstrap.php.cache on line 3
[25-Oct-2012 04:03:40 UTC] PHP Warning:  require_once(/home/cleinoff/code/debate/webroot/Symfony/web/../app/bootstrap.php.cache): failed to open stream: No such file or directory in /home/cleinoff/code/debate/webroot/Symfony/web/app_dev.php on line 23
[25-Oct-2012 04:03:40 UTC] PHP Fatal error:  require_once(): Failed opening required '/home/cleinoff/code/debate/webroot/Symfony/web/../app/bootstrap.php.cache' (include_path='.:/usr/share/php:/usr/share/pear') in /home/cleinoff/code/debate/webroot/Symfony/web/app_dev.php on line 23
[25-Oct-2012 04:03:54 UTC] PHP Warning:  require_once(/home/cleinoff/code/debate/webroot/Symfony/web/../app/bootstrap.php.cache): failed to open stream: No such file or directory in /home/cleinoff/code/debate/webroot/Symfony/web/app_dev.php on line 23
[25-Oct-2012 04:03:54 UTC] PHP Fatal error:  require_once(): Failed opening required '/home/cleinoff/code/debate/webroot/Symfony/web/../app/bootstrap.php.cache' (include_path='.:/usr/share/php:/usr/share/pear') in /home/cleinoff/code/debate/webroot/Symfony/web/app_dev.php on line 23
[25-Oct-2012 04:04:23 UTC] PHP Warning:  require_once(/home/cleinoff/code/debate/webroot/Symfony/web/../app/bootstrap.php.cache): failed to open stream: No such file or directory in /home/cleinoff/code/debate/webroot/Symfony/web/app_dev.php on line 23
[25-Oct-2012 04:04:23 UTC] PHP Fatal error:  require_once(): Failed opening required '/home/cleinoff/code/debate/webroot/Symfony/web/../app/bootstrap.php.cache' (include_path='.:/usr/share/php:/usr/share/pear') in /home/cleinoff/code/debate/webroot/Symfony/web/app_dev.php on line 23
[25-Oct-2012 04:04:23 UTC] PHP Warning:  require_once(/home/cleinoff/code/debate/webroot/Symfony/web/../app/bootstrap.php.cache): failed to open stream: No such file or directory in /home/cleinoff/code/debate/webroot/Symfony/web/app_dev.php on line 23
[25-Oct-2012 04:04:23 UTC] PHP Fatal error:  require_once(): Failed opening required '/home/cleinoff/code/debate/webroot/Symfony/web/../app/bootstrap.php.cache' (include_path='.:/usr/share/php:/usr/share/pear') in /home/cleinoff/code/debate/webroot/Symfony/web/app_dev.php on line 23
[25-Oct-2012 04:08:26 UTC] PHP Warning:  require_once(/home/cleinoff/code/debate/webroot/Symfony/app/autoload.php): failed to open stream: No such file or directory in /home/cleinoff/code/debate/webroot/Symfony/app/bootstrap.php.cache on line 3
[25-Oct-2012 04:08:26 UTC] PHP Fatal error:  require_once(): Failed opening required '/home/cleinoff/code/debate/webroot/Symfony/app/autoload.php' (include_path='.:/usr/share/php:/usr/share/pear') in /home/cleinoff/code/debate/webroot/Symfony/app/bootstrap.php.cache on line 3
[25-Oct-2012 04:08:27 UTC] PHP Warning:  require_once(/home/cleinoff/code/debate/webroot/Symfony/app/autoload.php): failed to open stream: No such file or directory in /home/cleinoff/code/debate/webroot/Symfony/app/bootstrap.php.cache on line 3
[25-Oct-2012 04:08:27 UTC] PHP Fatal error:  require_once(): Failed opening required '/home/cleinoff/code/debate/webroot/Symfony/app/autoload.php' (include_path='.:/usr/share/php:/usr/share/pear') in /home/cleinoff/code/debate/webroot/Symfony/app/bootstrap.php.cache on line 3
[25-Oct-2012 04:08:35 UTC] PHP Warning:  require_once(/home/cleinoff/code/debate/webroot/Symfony/web/../app/bootstrap.php.cache): failed to open stream: No such file or directory in /home/cleinoff/code/debate/webroot/Symfony/web/app_dev.php on line 23
[25-Oct-2012 04:08:35 UTC] PHP Fatal error:  require_once(): Failed opening required '/home/cleinoff/code/debate/webroot/Symfony/web/../app/bootstrap.php.cache' (include_path='.:/usr/share/php:/usr/share/pear') in /home/cleinoff/code/debate/webroot/Symfony/web/app_dev.php on line 23
[25-Oct-2012 04:08:40 UTC] PHP Warning:  require_once(/home/cleinoff/code/debate/webroot/Symfony/app/autoload.php): failed to open stream: No such file or directory in /home/cleinoff/code/debate/webroot/Symfony/app/bootstrap.php.cache on line 3
[25-Oct-2012 04:08:40 UTC] PHP Fatal error:  require_once(): Failed opening required '/home/cleinoff/code/debate/webroot/Symfony/app/autoload.php' (include_path='.:/usr/share/php:/usr/share/pear') in /home/cleinoff/code/debate/webroot/Symfony/app/bootstrap.php.cache on line 3
[25-Oct-2012 04:09:50 UTC] PHP Warning:  require_once(/home/cleinoff/code/debate/webroot/Symfony/app/autoload.php): failed to open stream: No such file or directory in /home/cleinoff/code/debate/webroot/Symfony/app/bootstrap.php.cache on line 3
[25-Oct-2012 04:09:50 UTC] PHP Fatal error:  require_once(): Failed opening required '/home/cleinoff/code/debate/webroot/Symfony/app/autoload.php' (include_path='.:/usr/share/php:/usr/share/pear') in /home/cleinoff/code/debate/webroot/Symfony/app/bootstrap.php.cache on line 3
[25-Oct-2012 04:11:26 UTC] PHP Warning:  require_once(/home/cleinoff/code/debate/web/../app/bootstrap.php.cache): failed to open stream: No such file or directory in /home/cleinoff/code/debate/web/app.php on line 6
[25-Oct-2012 04:11:26 UTC] PHP Fatal error:  require_once(): Failed opening required '/home/cleinoff/code/debate/web/../app/bootstrap.php.cache' (include_path='.:/usr/share/php:/usr/share/pear') in /home/cleinoff/code/debate/web/app.php on line 6
[25-Oct-2012 04:11:27 UTC] PHP Warning:  require_once(/home/cleinoff/code/debate/web/../app/bootstrap.php.cache): failed to open stream: No such file or directory in /home/cleinoff/code/debate/web/app.php on line 6
[25-Oct-2012 04:11:27 UTC] PHP Fatal error:  require_once(): Failed opening required '/home/cleinoff/code/debate/web/../app/bootstrap.php.cache' (include_path='.:/usr/share/php:/usr/share/pear') in /home/cleinoff/code/debate/web/app.php on line 6
[25-Oct-2012 04:11:42 UTC] PHP Warning:  require_once(/home/cleinoff/code/debate/web/../app/bootstrap.php.cache): failed to open stream: No such file or directory in /home/cleinoff/code/debate/web/app.php on line 6
[25-Oct-2012 04:11:42 UTC] PHP Fatal error:  require_once(): Failed opening required '/home/cleinoff/code/debate/web/../app/bootstrap.php.cache' (include_path='.:/usr/share/php:/usr/share/pear') in /home/cleinoff/code/debate/web/app.php on line 6
[25-Oct-2012 04:11:42 UTC] PHP Warning:  require_once(/home/cleinoff/code/debate/web/../app/bootstrap.php.cache): failed to open stream: No such file or directory in /home/cleinoff/code/debate/web/app.php on line 6
[25-Oct-2012 04:11:42 UTC] PHP Fatal error:  require_once(): Failed opening required '/home/cleinoff/code/debate/web/../app/bootstrap.php.cache' (include_path='.:/usr/share/php:/usr/share/pear') in /home/cleinoff/code/debate/web/app.php on line 6
[25-Oct-2012 04:12:01 UTC] PHP Warning:  require_once(/home/cleinoff/code/debate/web/../app/bootstrap.php.cache): failed to open stream: No such file or directory in /home/cleinoff/code/debate/web/app.php on line 6
[25-Oct-2012 04:12:01 UTC] PHP Fatal error:  require_once(): Failed opening required '/home/cleinoff/code/debate/web/../app/bootstrap.php.cache' (include_path='.:/usr/share/php:/usr/share/pear') in /home/cleinoff/code/debate/web/app.php on line 6
[25-Oct-2012 04:12:02 UTC] PHP Warning:  require_once(/home/cleinoff/code/debate/web/../app/bootstrap.php.cache): failed to open stream: No such file or directory in /home/cleinoff/code/debate/web/app.php on line 6
[25-Oct-2012 04:12:02 UTC] PHP Fatal error:  require_once(): Failed opening required '/home/cleinoff/code/debate/web/../app/bootstrap.php.cache' (include_path='.:/usr/share/php:/usr/share/pear') in /home/cleinoff/code/debate/web/app.php on line 6
[25-Oct-2012 04:13:17 UTC] PHP Warning:  require_once(/home/cleinoff/code/debate/webroot/Symfony/app/autoload.php): failed to open stream: No such file or directory in /home/cleinoff/code/debate/webroot/Symfony/app/bootstrap.php.cache on line 3
[25-Oct-2012 04:13:17 UTC] PHP Fatal error:  require_once(): Failed opening required '/home/cleinoff/code/debate/webroot/Symfony/app/autoload.php' (include_path='.:/usr/share/php:/usr/share/pear') in /home/cleinoff/code/debate/webroot/Symfony/app/bootstrap.php.cache on line 3
[25-Oct-2012 04:13:17 UTC] PHP Warning:  require_once(/home/cleinoff/code/debate/webroot/Symfony/app/autoload.php): failed to open stream: No such file or directory in /home/cleinoff/code/debate/webroot/Symfony/app/bootstrap.php.cache on line 3
[25-Oct-2012 04:13:17 UTC] PHP Fatal error:  require_once(): Failed opening required '/home/cleinoff/code/debate/webroot/Symfony/app/autoload.php' (include_path='.:/usr/share/php:/usr/share/pear') in /home/cleinoff/code/debate/webroot/Symfony/app/bootstrap.php.cache on line 3
[29-Oct-2012 04:33:23 UTC] PHP Fatal error:  Call to a member function getReference() on a non-object in /home/cleinoff/code/debate/src/MD/DebateBundle/Controller/DebateController.php on line 70
[29-Oct-2012 05:26:15 UTC] PHP Parse error:  syntax error, unexpected '{' in /home/cleinoff/code/debate/src/MD/DebateBundle/Controller/DebateController.php on line 84
[29-Oct-2012 05:26:16 UTC] PHP Parse error:  syntax error, unexpected '{' in /home/cleinoff/code/debate/src/MD/DebateBundle/Controller/DebateController.php on line 84
[29-Oct-2012 05:26:25 UTC] PHP Parse error:  syntax error, unexpected '{' in /home/cleinoff/code/debate/src/MD/DebateBundle/Controller/DebateController.php on line 84
[29-Oct-2012 05:50:33 UTC] PHP Fatal error:  Call to undefined function MD\DebateBundle\Controller\dpm() in /home/cleinoff/code/debate/src/MD/DebateBundle/Controller/DebateController.php on line 53
[14-Nov-2012 04:36:33 UTC] PHP Fatal error:  Class MD\Access\AccessBundle\Entity\User contains 5 abstract methods and must therefore be declared abstract or implement the remaining methods (Symfony\Component\Security\Core\User\UserInterface::getRoles, Symfony\Component\Security\Core\User\UserInterface::getPassword, Symfony\Component\Security\Core\User\UserInterface::getSalt, ...) in /home/cleinoff/code/debate/src/MD/AccessBundle/Entity/User.php on line 18
[14-Nov-2012 04:48:34 UTC] PHP Fatal error:  Class MD\Access\AccessBundle\Entity\User contains 5 abstract methods and must therefore be declared abstract or implement the remaining methods (Symfony\Component\Security\Core\User\UserInterface::getRoles, Symfony\Component\Security\Core\User\UserInterface::getPassword, Symfony\Component\Security\Core\User\UserInterface::getSalt, ...) in /home/cleinoff/code/debate/src/MD/AccessBundle/Entity/User.php on line 17
[14-Nov-2012 04:48:37 UTC] PHP Fatal error:  Class MD\Access\AccessBundle\Entity\User contains 5 abstract methods and must therefore be declared abstract or implement the remaining methods (Symfony\Component\Security\Core\User\UserInterface::getRoles, Symfony\Component\Security\Core\User\UserInterface::getPassword, Symfony\Component\Security\Core\User\UserInterface::getSalt, ...) in /home/cleinoff/code/debate/src/MD/AccessBundle/Entity/User.php on line 17
[16-Nov-2012 06:22:25 UTC] PHP Fatal error:  Cannot redeclare class Acme\UserBundle\Entity\User in /home/cleinoff/code/debate/src/MD/AccessBundle/Entity/User.php on line 12
[16-Nov-2012 06:22:41 UTC] PHP Fatal error:  Cannot redeclare class Acme\UserBundle\Entity\User in /home/cleinoff/code/debate/src/MD/AccessBundle/Entity/User.php on line 12
[17-Nov-2012 23:22:31 UTC] PHP Fatal error:  Allowed memory size of 134217728 bytes exhausted (tried to allocate 127139840 bytes) in /home/cleinoff/code/debate/vendor/twig/twig/lib/Twig/Extension/Debug.php on line 65
[17-Nov-2012 23:22:37 UTC] PHP Fatal error:  Allowed memory size of 134217728 bytes exhausted (tried to allocate 128188416 bytes) in /home/cleinoff/code/debate/vendor/twig/twig/lib/Twig/Extension/Debug.php on line 65
[17-Nov-2012 23:23:30 UTC] PHP Fatal error:  Allowed memory size of 134217728 bytes exhausted (tried to allocate 108527616 bytes) in /home/cleinoff/code/debate/vendor/twig/twig/lib/Twig/Extension/Debug.php on line 65
[17-Nov-2012 23:24:32 UTC] PHP Fatal error:  Allowed memory size of 134217728 bytes exhausted (tried to allocate 126877696 bytes) in /home/cleinoff/code/debate/vendor/twig/twig/lib/Twig/Extension/Debug.php on line 65
[17-Nov-2012 23:24:33 UTC] PHP Fatal error:  Allowed memory size of 134217728 bytes exhausted (tried to allocate 128712704 bytes) in /home/cleinoff/code/debate/vendor/twig/twig/lib/Twig/Extension/Debug.php on line 65
[17-Nov-2012 23:24:38 UTC] PHP Fatal error:  Allowed memory size of 134217728 bytes exhausted (tried to allocate 126877696 bytes) in /home/cleinoff/code/debate/vendor/twig/twig/lib/Twig/Extension/Debug.php on line 65
[17-Nov-2012 23:24:40 UTC] PHP Fatal error:  Allowed memory size of 134217728 bytes exhausted (tried to allocate 128712704 bytes) in /home/cleinoff/code/debate/vendor/twig/twig/lib/Twig/Extension/Debug.php on line 65
[17-Nov-2012 23:24:51 UTC] PHP Fatal error:  Allowed memory size of 134217728 bytes exhausted (tried to allocate 126615552 bytes) in /home/cleinoff/code/debate/vendor/twig/twig/lib/Twig/Extension/Debug.php on line 65
[17-Nov-2012 23:24:57 UTC] PHP Fatal error:  Allowed memory size of 134217728 bytes exhausted (tried to allocate 126615552 bytes) in /home/cleinoff/code/debate/vendor/twig/twig/lib/Twig/Extension/Debug.php on line 65
[17-Nov-2012 23:24:59 UTC] PHP Fatal error:  Allowed memory size of 134217728 bytes exhausted (tried to allocate 128712704 bytes) in /home/cleinoff/code/debate/vendor/twig/twig/lib/Twig/Extension/Debug.php on line 65
[21-Nov-2012 03:29:06 UTC] PHP Fatal error:  Can't use method return value in write context in /home/cleinoff/code/debate/src/MD/DebateBundle/Services/DebateManager.php on line 14
